<?xml version="1.0" encoding="UTF-8"?>
<!-- Generated by org.testng.reporters.JUnitReportReporter -->
<testsuite hostname="LAPTOP-PSF8CGO7" failures="0" tests="1" name="com.testcases.Forgotpassword" time="4.899" errors="0" timestamp="2024-01-11T18:14:01 IST" skipped="0">
  <testcase classname="com.testcases.Forgotpassword" name="loginvalidation" time="4.899"/>
</testsuite> <!-- com.testcases.Forgotpassword -->
