<?xml version="1.0" encoding="UTF-8"?>
<!-- Generated by org.testng.reporters.JUnitReportReporter -->
<testsuite hostname="LAPTOP-PSF8CGO7" failures="0" tests="1" name="com.base.Demo" time="3.403" errors="0" timestamp="2024-01-11T16:25:24 IST" skipped="0">
  <testcase classname="com.base.Demo" name="display" time="3.403"/>
</testsuite> <!-- com.base.Demo -->
