<?xml version="1.0" encoding="UTF-8"?>
<!-- Generated by org.testng.reporters.JUnitReportReporter -->
<testsuite hostname="LAPTOP-PSF8CGO7" failures="0" tests="1" name="com.testcases.LoginfailT" time="4.535" errors="0" timestamp="2024-01-10T16:31:16 IST" skipped="0">
  <testcase classname="com.testcases.LoginfailT" name="loginvalidation" time="4.535"/>
</testsuite> <!-- com.testcases.LoginfailT -->
