<?xml version="1.0" encoding="UTF-8"?>
<!-- Generated by org.testng.reporters.JUnitReportReporter -->
<testsuite hostname="LAPTOP-PSF8CGO7" failures="0" tests="1" name="com.testcases.LoginTest" time="5.881" errors="0" timestamp="2024-01-10T18:31:11 IST" skipped="0">
  <testcase classname="com.testcases.LoginTest" name="loginvalidation" time="5.881"/>
</testsuite> <!-- com.testcases.LoginTest -->
