<?xml version="1.0" encoding="UTF-8"?>
<!-- Generated by org.testng.reporters.JUnitReportReporter -->
<testsuite hostname="LAPTOP-PSF8CGO7" failures="0" tests="1" name="com.testcases.DeleteDataFun" time="28.752" errors="0" timestamp="2024-01-16T17:36:56 IST" skipped="0">
  <testcase classname="com.testcases.DeleteDataFun" name="loginvalidation" time="28.752"/>
</testsuite> <!-- com.testcases.DeleteDataFun -->
