<?xml version="1.0" encoding="UTF-8"?>
<!-- Generated by org.testng.reporters.JUnitReportReporter -->
<testsuite hostname="LAPTOP-PSF8CGO7" failures="0" tests="1" name="com.testcases.EditPersonalDataFun" time="23.255" errors="0" timestamp="2024-01-14T20:28:00 IST" skipped="0">
  <testcase classname="com.testcases.EditPersonalDataFun" name="loginvalidation" time="23.255"/>
</testsuite> <!-- com.testcases.EditPersonalDataFun -->
