<?xml version="1.0" encoding="UTF-8"?>
<!-- Generated by org.testng.reporters.JUnitReportReporter -->
<testsuite hostname="LAPTOP-PSF8CGO7" failures="0" tests="1" name="com.testcases.ForgotPasst" time="3.980" errors="0" timestamp="2024-01-11T18:03:11 IST" skipped="0">
  <testcase classname="com.testcases.ForgotPasst" name="loginvalidation" time="3.980"/>
</testsuite> <!-- com.testcases.ForgotPasst -->
