<?xml version="1.0" encoding="UTF-8"?>
<!-- Generated by org.testng.reporters.JUnitReportReporter -->
<testsuite hostname="LAPTOP-PSF8CGO7" failures="0" tests="1" name="com.testcases.DeleteDataFun" time="33.419" errors="0" timestamp="2024-01-14T20:29:01 IST" skipped="0">
  <testcase classname="com.testcases.DeleteDataFun" name="loginvalidation" time="33.419"/>
</testsuite> <!-- com.testcases.DeleteDataFun -->
