<?xml version="1.0" encoding="UTF-8"?>
<!-- Generated by org.testng.reporters.JUnitReportReporter -->
<testsuite hostname="LAPTOP-PSF8CGO7" failures="0" tests="1" name="com.testcases.SignupWork" time="5.073" errors="0" timestamp="2024-01-10T18:50:26 IST" skipped="0">
  <testcase classname="com.testcases.SignupWork" name="loginvalidation" time="5.073"/>
</testsuite> <!-- com.testcases.SignupWork -->
