<?xml version="1.0" encoding="UTF-8"?>
<!-- Generated by org.testng.reporters.JUnitReportReporter -->
<testsuite hostname="LAPTOP-PSF8CGO7" failures="0" tests="1" name="com.testcases.Forgotpassword" time="10.231" errors="0" timestamp="2024-01-14T20:26:32 IST" skipped="0">
  <testcase classname="com.testcases.Forgotpassword" name="loginvalidation" time="10.231"/>
</testsuite> <!-- com.testcases.Forgotpassword -->
