<?xml version="1.0" encoding="UTF-8"?>
<!-- Generated by org.testng.reporters.JUnitReportReporter -->
<testsuite hostname="LAPTOP-PSF8CGO7" failures="0" tests="1" name="com.testcases.Forgotpt" time="3.895" errors="0" timestamp="2024-01-10T16:39:25 IST" skipped="0">
  <testcase classname="com.testcases.Forgotpt" name="loginvalidation" time="3.895"/>
</testsuite> <!-- com.testcases.Forgotpt -->
